Analysis & Synthesis report for controleMIPS
Wed Jul 08 22:39:58 2015
Quartus II 32-bit Version 13.0.1 Build 232 06/12/2013 Service Pack 1 SJ Web Edition


---------------------
; Table of Contents ;
---------------------
  1. Legal Notice
  2. Analysis & Synthesis Summary
  3. Analysis & Synthesis Settings
  4. Parallel Compilation
  5. Analysis & Synthesis Messages



----------------
; Legal Notice ;
----------------
Copyright (C) 1991-2013 Altera Corporation
Your use of Altera Corporation's design tools, logic functions 
and other software and tools, and its AMPP partner logic 
functions, and any output files from any of the foregoing 
(including device programming or simulation files), and any 
associated documentation or information are expressly subject 
to the terms and conditions of the Altera Program License 
Subscription Agreement, Altera MegaCore Function License 
Agreement, or other applicable license agreement, including, 
without limitation, that your use is for the sole purpose of 
programming logic devices manufactured by Altera and sold by 
Altera or its authorized distributors.  Please refer to the 
applicable agreement for further details.



+--------------------------------------------------------------------------------------+
; Analysis & Synthesis Summary                                                         ;
+------------------------------------+-------------------------------------------------+
; Analysis & Synthesis Status        ; Failed - Wed Jul 08 22:39:58 2015               ;
; Quartus II 32-bit Version          ; 13.0.1 Build 232 06/12/2013 SP 1 SJ Web Edition ;
; Revision Name                      ; controleMIPS                                    ;
; Top-level Entity Name              ; controleMIPS                                    ;
; Family                             ; Cyclone II                                      ;
; Total logic elements               ; N/A until Partition Merge                       ;
;     Total combinational functions  ; N/A until Partition Merge                       ;
;     Dedicated logic registers      ; N/A until Partition Merge                       ;
; Total registers                    ; N/A until Partition Merge                       ;
; Total pins                         ; N/A until Partition Merge                       ;
; Total virtual pins                 ; N/A until Partition Merge                       ;
; Total memory bits                  ; N/A until Partition Merge                       ;
; Embedded Multiplier 9-bit elements ; N/A until Partition Merge                       ;
; Total PLLs                         ; N/A until Partition Merge                       ;
+------------------------------------+-------------------------------------------------+


+----------------------------------------------------------------------------------------------------------------------+
; Analysis & Synthesis Settings                                                                                        ;
+----------------------------------------------------------------------------+--------------------+--------------------+
; Option                                                                     ; Setting            ; Default Value      ;
+----------------------------------------------------------------------------+--------------------+--------------------+
; Device                                                                     ; EP2C70F896C6       ;                    ;
; Top-level entity name                                                      ; controleMIPS       ; controleMIPS       ;
; Family name                                                                ; Cyclone II         ; Cyclone IV GX      ;
; Use smart compilation                                                      ; Off                ; Off                ;
; Enable parallel Assembler and TimeQuest Timing Analyzer during compilation ; On                 ; On                 ;
; Enable compact report table                                                ; Off                ; Off                ;
; Restructure Multiplexers                                                   ; Auto               ; Auto               ;
; Create Debugging Nodes for IP Cores                                        ; Off                ; Off                ;
; Preserve fewer node names                                                  ; On                 ; On                 ;
; Disable OpenCore Plus hardware evaluation                                  ; Off                ; Off                ;
; Verilog Version                                                            ; Verilog_2001       ; Verilog_2001       ;
; VHDL Version                                                               ; VHDL_1993          ; VHDL_1993          ;
; State Machine Processing                                                   ; Auto               ; Auto               ;
; Safe State Machine                                                         ; Off                ; Off                ;
; Extract Verilog State Machines                                             ; On                 ; On                 ;
; Extract VHDL State Machines                                                ; On                 ; On                 ;
; Ignore Verilog initial constructs                                          ; Off                ; Off                ;
; Iteration limit for constant Verilog loops                                 ; 5000               ; 5000               ;
; Iteration limit for non-constant Verilog loops                             ; 250                ; 250                ;
; Add Pass-Through Logic to Inferred RAMs                                    ; On                 ; On                 ;
; Infer RAMs from Raw Logic                                                  ; On                 ; On                 ;
; Parallel Synthesis                                                         ; On                 ; On                 ;
; DSP Block Balancing                                                        ; Auto               ; Auto               ;
; NOT Gate Push-Back                                                         ; On                 ; On                 ;
; Power-Up Don't Care                                                        ; On                 ; On                 ;
; Remove Redundant Logic Cells                                               ; Off                ; Off                ;
; Remove Duplicate Registers                                                 ; On                 ; On                 ;
; Ignore CARRY Buffers                                                       ; Off                ; Off                ;
; Ignore CASCADE Buffers                                                     ; Off                ; Off                ;
; Ignore GLOBAL Buffers                                                      ; Off                ; Off                ;
; Ignore ROW GLOBAL Buffers                                                  ; Off                ; Off                ;
; Ignore LCELL Buffers                                                       ; Off                ; Off                ;
; Ignore SOFT Buffers                                                        ; On                 ; On                 ;
; Limit AHDL Integers to 32 Bits                                             ; Off                ; Off                ;
; Optimization Technique                                                     ; Balanced           ; Balanced           ;
; Carry Chain Length                                                         ; 70                 ; 70                 ;
; Auto Carry Chains                                                          ; On                 ; On                 ;
; Auto Open-Drain Pins                                                       ; On                 ; On                 ;
; Perform WYSIWYG Primitive Resynthesis                                      ; Off                ; Off                ;
; Auto ROM Replacement                                                       ; On                 ; On                 ;
; Auto RAM Replacement                                                       ; On                 ; On                 ;
; Auto Shift Register Replacement                                            ; Auto               ; Auto               ;
; Allow Shift Register Merging across Hierarchies                            ; Auto               ; Auto               ;
; Auto Clock Enable Replacement                                              ; On                 ; On                 ;
; Strict RAM Replacement                                                     ; Off                ; Off                ;
; Allow Synchronous Control Signals                                          ; On                 ; On                 ;
; Force Use of Synchronous Clear Signals                                     ; Off                ; Off                ;
; Auto RAM to Logic Cell Conversion                                          ; Off                ; Off                ;
; Auto Resource Sharing                                                      ; Off                ; Off                ;
; Allow Any RAM Size For Recognition                                         ; Off                ; Off                ;
; Allow Any ROM Size For Recognition                                         ; Off                ; Off                ;
; Allow Any Shift Register Size For Recognition                              ; Off                ; Off                ;
; Use LogicLock Constraints during Resource Balancing                        ; On                 ; On                 ;
; Ignore translate_off and synthesis_off directives                          ; Off                ; Off                ;
; Timing-Driven Synthesis                                                    ; Off                ; Off                ;
; Report Parameter Settings                                                  ; On                 ; On                 ;
; Report Source Assignments                                                  ; On                 ; On                 ;
; Report Connectivity Checks                                                 ; On                 ; On                 ;
; Ignore Maximum Fan-Out Assignments                                         ; Off                ; Off                ;
; Synchronization Register Chain Length                                      ; 2                  ; 2                  ;
; PowerPlay Power Optimization                                               ; Normal compilation ; Normal compilation ;
; HDL message level                                                          ; Level2             ; Level2             ;
; Suppress Register Optimization Related Messages                            ; Off                ; Off                ;
; Number of Removed Registers Reported in Synthesis Report                   ; 5000               ; 5000               ;
; Number of Swept Nodes Reported in Synthesis Report                         ; 5000               ; 5000               ;
; Number of Inverted Registers Reported in Synthesis Report                  ; 100                ; 100                ;
; Clock MUX Protection                                                       ; On                 ; On                 ;
; Auto Gated Clock Conversion                                                ; Off                ; Off                ;
; Block Design Naming                                                        ; Auto               ; Auto               ;
; SDC constraint protection                                                  ; Off                ; Off                ;
; Synthesis Effort                                                           ; Auto               ; Auto               ;
; Shift Register Replacement - Allow Asynchronous Clear Signal               ; On                 ; On                 ;
; Pre-Mapping Resynthesis Optimization                                       ; Off                ; Off                ;
; Analysis & Synthesis Message Level                                         ; Medium             ; Medium             ;
; Disable Register Merging Across Hierarchies                                ; Auto               ; Auto               ;
; Resource Aware Inference For Block RAM                                     ; On                 ; On                 ;
; Synthesis Seed                                                             ; 1                  ; 1                  ;
+----------------------------------------------------------------------------+--------------------+--------------------+


Parallel compilation was disabled, but you have multiple processors available. Enable parallel compilation to reduce compilation time.
+-------------------------------------+
; Parallel Compilation                ;
+----------------------------+--------+
; Processors                 ; Number ;
+----------------------------+--------+
; Number detected on machine ; 2      ;
; Maximum allowed            ; 1      ;
+----------------------------+--------+


+-------------------------------+
; Analysis & Synthesis Messages ;
+-------------------------------+
Info: *******************************************************************
Info: Running Quartus II 32-bit Analysis & Synthesis
    Info: Version 13.0.1 Build 232 06/12/2013 Service Pack 1 SJ Web Edition
    Info: Processing started: Wed Jul 08 22:39:56 2015
Info: Command: quartus_map --read_settings_files=on --write_settings_files=off controleMIPS -c controleMIPS
Warning (20028): Parallel compilation is not licensed and has been disabled
Info (12021): Found 2 design units, including 1 entities, in source file controlemips.vhd
    Info (12022): Found design unit 1: controleMIPS-controleMIPS_op
    Info (12023): Found entity 1: controleMIPS
Error (10309): VHDL Interface Declaration error in controleMIPS.vhd(36): interface object "RegWriteD" of mode out cannot be read. Change object mode to buffer. File: E:/ProjetoFinalDisciplina/controleMIPS/controleMIPS.vhd Line: 36
Error (10327): VHDL error at controleMIPS.vhd(36): can't determine definition of operator ""<="" -- found 0 possible definitions File: E:/ProjetoFinalDisciplina/controleMIPS/controleMIPS.vhd Line: 36
Error (10482): VHDL error at controleMIPS.vhd(37): object "MemtoReg" is used but not declared File: E:/ProjetoFinalDisciplina/controleMIPS/controleMIPS.vhd Line: 37
Error (10309): VHDL Interface Declaration error in controleMIPS.vhd(38): interface object "MemWriteD" of mode out cannot be read. Change object mode to buffer. File: E:/ProjetoFinalDisciplina/controleMIPS/controleMIPS.vhd Line: 38
Error (10327): VHDL error at controleMIPS.vhd(38): can't determine definition of operator ""<="" -- found 0 possible definitions File: E:/ProjetoFinalDisciplina/controleMIPS/controleMIPS.vhd Line: 38
Error (10309): VHDL Interface Declaration error in controleMIPS.vhd(39): interface object "ALUsrcD" of mode out cannot be read. Change object mode to buffer. File: E:/ProjetoFinalDisciplina/controleMIPS/controleMIPS.vhd Line: 39
Error (10327): VHDL error at controleMIPS.vhd(39): can't determine definition of operator ""<="" -- found 0 possible definitions File: E:/ProjetoFinalDisciplina/controleMIPS/controleMIPS.vhd Line: 39
Error (10309): VHDL Interface Declaration error in controleMIPS.vhd(40): interface object "BranchEQD" of mode out cannot be read. Change object mode to buffer. File: E:/ProjetoFinalDisciplina/controleMIPS/controleMIPS.vhd Line: 40
Error (10327): VHDL error at controleMIPS.vhd(40): can't determine definition of operator ""<="" -- found 0 possible definitions File: E:/ProjetoFinalDisciplina/controleMIPS/controleMIPS.vhd Line: 40
Error (10309): VHDL Interface Declaration error in controleMIPS.vhd(41): interface object "BranchNED" of mode out cannot be read. Change object mode to buffer. File: E:/ProjetoFinalDisciplina/controleMIPS/controleMIPS.vhd Line: 41
Error (10327): VHDL error at controleMIPS.vhd(41): can't determine definition of operator ""<="" -- found 0 possible definitions File: E:/ProjetoFinalDisciplina/controleMIPS/controleMIPS.vhd Line: 41
Error (10309): VHDL Interface Declaration error in controleMIPS.vhd(42): interface object "JumpD" of mode out cannot be read. Change object mode to buffer. File: E:/ProjetoFinalDisciplina/controleMIPS/controleMIPS.vhd Line: 42
Error (10327): VHDL error at controleMIPS.vhd(42): can't determine definition of operator ""<="" -- found 0 possible definitions File: E:/ProjetoFinalDisciplina/controleMIPS/controleMIPS.vhd Line: 42
Error (10315): VHDL syntax error at controleMIPS.vhd(67): object with std_logic type cannot contain character 'x' File: E:/ProjetoFinalDisciplina/controleMIPS/controleMIPS.vhd Line: 67
Error (10315): VHDL syntax error at controleMIPS.vhd(78): object with std_logic type cannot contain character 'x' File: E:/ProjetoFinalDisciplina/controleMIPS/controleMIPS.vhd Line: 78
Error (10315): VHDL syntax error at controleMIPS.vhd(89): object with std_logic type cannot contain character 'x' File: E:/ProjetoFinalDisciplina/controleMIPS/controleMIPS.vhd Line: 89
Error (10315): VHDL syntax error at controleMIPS.vhd(100): object with std_logic type cannot contain character 'x' File: E:/ProjetoFinalDisciplina/controleMIPS/controleMIPS.vhd Line: 100
Error (10315): VHDL syntax error at controleMIPS.vhd(112): object with std_logic type cannot contain character 'x' File: E:/ProjetoFinalDisciplina/controleMIPS/controleMIPS.vhd Line: 112
Error (10315): VHDL syntax error at controleMIPS.vhd(123): object with std_logic type cannot contain character 'x' File: E:/ProjetoFinalDisciplina/controleMIPS/controleMIPS.vhd Line: 123
Error: Quartus II 32-bit Analysis & Synthesis was unsuccessful. 19 errors, 1 warning
    Error: Peak virtual memory: 348 megabytes
    Error: Processing ended: Wed Jul 08 22:39:58 2015
    Error: Elapsed time: 00:00:02
    Error: Total CPU time (on all processors): 00:00:01


