Flow report for mipsPipe_line
Fri Jul 10 16:42:00 2015
Quartus II 64-Bit Version 13.0.1 Build 232 06/12/2013 Service Pack 1 SJ Web Edition


---------------------
; Table of Contents ;
---------------------
  1. Legal Notice
  2. Flow Summary
  3. Flow Settings
  4. Flow Non-Default Global Settings
  5. Flow Elapsed Time
  6. Flow OS Summary
  7. Flow Log
  8. Flow Messages
  9. Flow Suppressed Messages



----------------
; Legal Notice ;
----------------
Copyright (C) 1991-2013 Altera Corporation
Your use of Altera Corporation's design tools, logic functions 
and other software and tools, and its AMPP partner logic 
functions, and any output files from any of the foregoing 
(including device programming or simulation files), and any 
associated documentation or information are expressly subject 
to the terms and conditions of the Altera Program License 
Subscription Agreement, Altera MegaCore Function License 
Agreement, or other applicable license agreement, including, 
without limitation, that your use is for the sole purpose of 
programming logic devices manufactured by Altera and sold by 
Altera or its authorized distributors.  Please refer to the 
applicable agreement for further details.



+--------------------------------------------------------------------------------------+
; Flow Summary                                                                         ;
+------------------------------------+-------------------------------------------------+
; Flow Status                        ; Successful - Fri Jul 10 16:42:00 2015           ;
; Quartus II 64-Bit Version          ; 13.0.1 Build 232 06/12/2013 SP 1 SJ Web Edition ;
; Revision Name                      ; mipsPipe_line                                   ;
; Top-level Entity Name              ; mipsPipe_line                                   ;
; Family                             ; Cyclone II                                      ;
; Device                             ; EP2C70F896C6                                    ;
; Timing Models                      ; Final                                           ;
; Total logic elements               ; 0 / 68,416 ( 0 % )                              ;
;     Total combinational functions  ; 0 / 68,416 ( 0 % )                              ;
;     Dedicated logic registers      ; 0 / 68,416 ( 0 % )                              ;
; Total registers                    ; 0                                               ;
; Total pins                         ; 1 / 622 ( < 1 % )                               ;
; Total virtual pins                 ; 0                                               ;
; Total memory bits                  ; 0 / 1,152,000 ( 0 % )                           ;
; Embedded Multiplier 9-bit elements ; 0 / 300 ( 0 % )                                 ;
; Total PLLs                         ; 0 / 4 ( 0 % )                                   ;
+------------------------------------+-------------------------------------------------+


+-----------------------------------------+
; Flow Settings                           ;
+-------------------+---------------------+
; Option            ; Setting             ;
+-------------------+---------------------+
; Start date & time ; 07/10/2015 16:41:39 ;
; Main task         ; Compilation         ;
; Revision Name     ; mipsPipe_line       ;
+-------------------+---------------------+


+-----------------------------------------------------------------------------------------------------------------------------+
; Flow Non-Default Global Settings                                                                                            ;
+--------------------------------------+---------------------------------------+---------------+-------------+----------------+
; Assignment Name                      ; Value                                 ; Default Value ; Entity Name ; Section Id     ;
+--------------------------------------+---------------------------------------+---------------+-------------+----------------+
; COMPILER_SIGNATURE_ID                ; 24288878852089.143655729806176        ; --            ; --          ; --             ;
; EDA_DESIGN_INSTANCE_NAME             ; NA                                    ; --            ; --          ; tb_mux21MIPS   ;
; EDA_NATIVELINK_SIMULATION_TEST_BENCH ; tb_mux21MIPS                          ; --            ; --          ; eda_simulation ;
; EDA_OUTPUT_DATA_FORMAT               ; Vhdl                                  ; --            ; --          ; eda_simulation ;
; EDA_SIMULATION_TOOL                  ; ModelSim-Altera (VHDL)                ; <None>        ; --          ; --             ;
; EDA_TEST_BENCH_ENABLE_STATUS         ; TEST_BENCH_MODE                       ; --            ; --          ; eda_simulation ;
; EDA_TEST_BENCH_FILE                  ; tb_mux21MIPS.vhd                      ; --            ; --          ; tb_mux21MIPS   ;
; EDA_TEST_BENCH_MODULE_NAME           ; tb_mux21MIPS                          ; --            ; --          ; tb_mux21MIPS   ;
; EDA_TEST_BENCH_NAME                  ; tb_mux21MIPS                          ; --            ; --          ; eda_simulation ;
; IP_TOOL_NAME                         ; RAM: 1-PORT                           ; --            ; --          ; --             ;
; IP_TOOL_NAME                         ; RAM: 1-PORT                           ; --            ; --          ; --             ;
; IP_TOOL_VERSION                      ; 13.0                                  ; --            ; --          ; --             ;
; IP_TOOL_VERSION                      ; 13.0                                  ; --            ; --          ; --             ;
; MAX_CORE_JUNCTION_TEMP               ; 85                                    ; --            ; --          ; --             ;
; MIN_CORE_JUNCTION_TEMP               ; 0                                     ; --            ; --          ; --             ;
; MISC_FILE                            ; textMIPS.cmp                          ; --            ; --          ; --             ;
; MISC_FILE                            ; dataMIPS.cmp                          ; --            ; --          ; --             ;
; PARTITION_COLOR                      ; 16764057                              ; --            ; --          ; Top            ;
; PARTITION_FITTER_PRESERVATION_LEVEL  ; PLACEMENT_AND_ROUTING                 ; --            ; --          ; Top            ;
; PARTITION_NETLIST_TYPE               ; SOURCE                                ; --            ; --          ; Top            ;
; POWER_BOARD_THERMAL_MODEL            ; None (CONSERVATIVE)                   ; --            ; --          ; --             ;
; POWER_PRESET_COOLING_SOLUTION        ; 23 MM HEAT SINK WITH 200 LFPM AIRFLOW ; --            ; --          ; --             ;
; PROJECT_OUTPUT_DIRECTORY             ; output_files                          ; --            ; --          ; --             ;
+--------------------------------------+---------------------------------------+---------------+-------------+----------------+


+-------------------------------------------------------------------------------------------------------------------------------+
; Flow Elapsed Time                                                                                                             ;
+---------------------------+--------------+-------------------------+---------------------+------------------------------------+
; Module Name               ; Elapsed Time ; Average Processors Used ; Peak Virtual Memory ; Total CPU Time (on all processors) ;
+---------------------------+--------------+-------------------------+---------------------+------------------------------------+
; Analysis & Synthesis      ; 00:00:02     ; 1.0                     ; 514 MB              ; 00:00:02                           ;
; Fitter                    ; 00:00:09     ; 1.0                     ; 765 MB              ; 00:00:09                           ;
; Assembler                 ; 00:00:04     ; 1.0                     ; 427 MB              ; 00:00:04                           ;
; TimeQuest Timing Analyzer ; 00:00:01     ; 1.0                     ; 405 MB              ; 00:00:01                           ;
; EDA Netlist Writer        ; 00:00:01     ; 1.0                     ; 382 MB              ; 00:00:01                           ;
; Total                     ; 00:00:17     ; --                      ; --                  ; 00:00:17                           ;
+---------------------------+--------------+-------------------------+---------------------+------------------------------------+


+----------------------------------------------------------------------------------------+
; Flow OS Summary                                                                        ;
+---------------------------+------------------+-----------+------------+----------------+
; Module Name               ; Machine Hostname ; OS Name   ; OS Version ; Processor type ;
+---------------------------+------------------+-----------+------------+----------------+
; Analysis & Synthesis      ; DS               ; Windows 7 ; 6.2        ; x86_64         ;
; Fitter                    ; DS               ; Windows 7 ; 6.2        ; x86_64         ;
; Assembler                 ; DS               ; Windows 7 ; 6.2        ; x86_64         ;
; TimeQuest Timing Analyzer ; DS               ; Windows 7 ; 6.2        ; x86_64         ;
; EDA Netlist Writer        ; DS               ; Windows 7 ; 6.2        ; x86_64         ;
+---------------------------+------------------+-----------+------------+----------------+


------------
; Flow Log ;
------------
quartus_map --read_settings_files=on --write_settings_files=off mipsPipe_line -c mipsPipe_line
quartus_fit --read_settings_files=off --write_settings_files=off mipsPipe_line -c mipsPipe_line
quartus_asm --read_settings_files=off --write_settings_files=off mipsPipe_line -c mipsPipe_line
quartus_sta mipsPipe_line -c mipsPipe_line
quartus_eda --read_settings_files=off --write_settings_files=off mipsPipe_line -c mipsPipe_line



